2026-01-29T09:35:48.976-05:00  INFO 15576 --- [restartedMain] org.proyecto.nvidiacorp.Application      : Starting Application using Java 17.0.14 with PID 15576 (D:\Users\LOQ\Desktop\Proyecto_NvidiaCorp\target\classes started by LOQ in D:\Users\LOQ\Desktop\Proyecto_NvidiaCorp)
2026-01-29T09:35:48.989-05:00  INFO 15576 --- [restartedMain] org.proyecto.nvidiacorp.Application      : No active profile set, falling back to 1 default profile: "default"
2026-01-29T09:35:49.144-05:00  INFO 15576 --- [restartedMain] .e.DevToolsPropertyDefaultsPostProcessor : Devtools property defaults active! Set 'spring.devtools.add-properties' to 'false' to disable
2026-01-29T09:35:49.144-05:00  INFO 15576 --- [restartedMain] .e.DevToolsPropertyDefaultsPostProcessor : For additional web related logging consider setting the 'logging.level.web' property to 'DEBUG'
2026-01-29T09:35:52.693-05:00  INFO 15576 --- [restartedMain] .s.d.r.c.RepositoryConfigurationDelegate : Bootstrapping Spring Data JPA repositories in DEFAULT mode.
2026-01-29T09:35:53.039-05:00  INFO 15576 --- [restartedMain] .s.d.r.c.RepositoryConfigurationDelegate : Finished Spring Data repository scanning in 325 ms. Found 8 JPA repository interfaces.
2026-01-29T09:35:55.709-05:00  INFO 15576 --- [restartedMain] o.s.b.w.embedded.tomcat.TomcatWebServer  : Tomcat initialized with port 8080 (http)
2026-01-29T09:35:55.765-05:00  INFO 15576 --- [restartedMain] o.apache.catalina.core.StandardService   : Starting service [Tomcat]
2026-01-29T09:35:55.765-05:00  INFO 15576 --- [restartedMain] o.apache.catalina.core.StandardEngine    : Starting Servlet engine: [Apache Tomcat/10.1.40]
2026-01-29T09:35:55.959-05:00  INFO 15576 --- [restartedMain] o.a.c.c.C.[Tomcat].[localhost].[/]       : Initializing Spring embedded WebApplicationContext
2026-01-29T09:35:55.961-05:00  INFO 15576 --- [restartedMain] w.s.c.ServletWebServerApplicationContext : Root WebApplicationContext: initialization completed in 6815 ms
2026-01-29T09:35:57.406-05:00  INFO 15576 --- [restartedMain] o.a.c.c.C.[Tomcat].[localhost].[/]       : Initializing AtmosphereFramework
2026-01-29T09:35:59.849-05:00  INFO 15576 --- [restartedMain] c.v.f.s.VaadinServletContextInitializer  : Search for subclasses and classes with annotations took 1913 ms
2026-01-29T09:36:00.758-05:00  INFO 15576 --- [restartedMain] c.v.b.d.startup.DevModeStartupListener   : Starting dev-mode updaters in D:\Users\LOQ\Desktop\Proyecto_NvidiaCorp folder.
2026-01-29T09:36:00.910-05:00  INFO 15576 --- [restartedMain] c.v.f.s.f.s.FullDependenciesScanner      : Visited 111 classes. Took 82 ms.
2026-01-29T09:36:02.543-05:00  INFO 15576 --- [vaadin-dev-server-1] c.v.f.s.frontend.TaskUpdatePackages      : Skipping `npm install` because the frontend packages are already installed in the folder 'D:\Users\LOQ\Desktop\Proyecto_NvidiaCorp\node_modules' and the hash in the file 'D:\Users\LOQ\Desktop\Proyecto_NvidiaCorp\node_modules\.vaadin\vaadin.json' is the same as in 'package.json'
2026-01-29T09:36:02.543-05:00  INFO 15576 --- [vaadin-dev-server-1] c.v.f.s.frontend.TaskCopyFrontendFiles   : Copying frontend resources from jar files ...
2026-01-29T09:36:02.629-05:00  INFO 15576 --- [restartedMain] o.hibernate.jpa.internal.util.LogHelper  : HHH000204: Processing PersistenceUnitInfo [name: default]
2026-01-29T09:36:02.869-05:00  INFO 15576 --- [restartedMain] org.hibernate.Version                    : HHH000412: Hibernate ORM core version 6.6.13.Final
2026-01-29T09:36:03.163-05:00  INFO 15576 --- [restartedMain] o.h.c.internal.RegionFactoryInitiator    : HHH000026: Second-level cache disabled
2026-01-29T09:36:03.918-05:00  INFO 15576 --- [restartedMain] o.s.o.j.p.SpringPersistenceUnitInfo      : No LoadTimeWeaver setup: ignoring JPA class transformer
2026-01-29T09:36:03.967-05:00  INFO 15576 --- [restartedMain] com.zaxxer.hikari.HikariDataSource       : HikariPool-1 - Starting...
2026-01-29T09:36:04.149-05:00  INFO 15576 --- [restartedMain] com.zaxxer.hikari.pool.HikariPool        : HikariPool-1 - Added connection org.mariadb.jdbc.Connection@7a60bce5
2026-01-29T09:36:04.154-05:00  INFO 15576 --- [restartedMain] com.zaxxer.hikari.HikariDataSource       : HikariPool-1 - Start completed.
2026-01-29T09:36:04.197-05:00  WARN 15576 --- [restartedMain] org.hibernate.orm.deprecation            : HHH90000025: MariaDBDialect does not need to be specified explicitly using 'hibernate.dialect' (remove the property setting and it will be selected by default)
2026-01-29T09:36:04.233-05:00  INFO 15576 --- [restartedMain] org.hibernate.orm.connections.pooling    : HHH10001005: Database info:
	Database JDBC URL [Connecting through datasource 'HikariDataSource (HikariPool-1)']
	Database driver: undefined/unknown
	Database version: 10.4.32
	Autocommit mode: undefined/unknown
	Isolation level: undefined/unknown
	Minimum pool size: undefined/unknown
	Maximum pool size: undefined/unknown
2026-01-29T09:36:05.465-05:00  INFO 15576 --- [vaadin-dev-server-1] c.v.f.s.frontend.TaskCopyFrontendFiles   : Visited 22 resources. Took 2917 ms.
2026-01-29T09:36:06.237-05:00  INFO 15576 --- [restartedMain] o.h.e.t.j.p.i.JtaPlatformInitiator       : HHH000489: No JTA platform available (set 'hibernate.transaction.jta.platform' to enable JTA platform integration)
2026-01-29T09:36:06.327-05:00  INFO 15576 --- [restartedMain] j.LocalContainerEntityManagerFactoryBean : Initialized JPA EntityManagerFactory for persistence unit 'default'
2026-01-29T09:36:09.311-05:00  INFO 15576 --- [restartedMain] o.s.b.a.e.web.EndpointLinksResolver      : Exposing 1 endpoint beneath base path '/actuator'
2026-01-29T09:36:09.455-05:00  WARN 15576 --- [restartedMain] o.s.s.c.a.web.builders.WebSecurity       : You are asking Spring Security to ignore Or [Ant [pattern='/manifest.webmanifest'], Ant [pattern='/sw.js'], Ant [pattern='/sw-runtime-resources-precache.js'], Ant [pattern='/offline.html'], Ant [pattern='/offline-stub.html'], Ant [pattern='/icons/icon.png'], Ant [pattern='/themes/**'], Ant [pattern='/icons/icon-144x144.png'], Ant [pattern='/icons/icon-192x192.png'], Ant [pattern='/icons/icon-512x512.png'], Ant [pattern='/icons/icon-16x16.png'], Ant [pattern='/icons/icon-32x32.png'], Ant [pattern='/icons/icon-96x96.png'], Ant [pattern='/icons/icon-180x180.png'], Ant [pattern='/icons/icon-2048x2732.png'], Ant [pattern='/icons/icon-2732x2048.png'], Ant [pattern='/icons/icon-1668x2388.png'], Ant [pattern='/icons/icon-2388x1668.png'], Ant [pattern='/icons/icon-1668x2224.png'], Ant [pattern='/icons/icon-2224x1668.png'], Ant [pattern='/icons/icon-1620x2160.png'], Ant [pattern='/icons/icon-2160x1620.png'], Ant [pattern='/icons/icon-1536x2048.png'], Ant [pattern='/icons/icon-2048x1536.png'], Ant [pattern='/icons/icon-1284x2778.png'], Ant [pattern='/icons/icon-2778x1284.png'], Ant [pattern='/icons/icon-1170x2532.png'], Ant [pattern='/icons/icon-2532x1170.png'], Ant [pattern='/icons/icon-1125x2436.png'], Ant [pattern='/icons/icon-2436x1125.png'], Ant [pattern='/icons/icon-1242x2688.png'], Ant [pattern='/icons/icon-2688x1242.png'], Ant [pattern='/icons/icon-828x1792.png'], Ant [pattern='/icons/icon-1792x828.png'], Ant [pattern='/icons/icon-1242x2208.png'], Ant [pattern='/icons/icon-2208x1242.png'], Ant [pattern='/icons/icon-750x1334.png'], Ant [pattern='/icons/icon-1334x750.png'], Ant [pattern='/icons/icon-640x1136.png'], Ant [pattern='/icons/icon-1136x640.png'], Ant [pattern='/favicon.ico']]. This is not recommended -- please use permitAll via HttpSecurity#authorizeHttpRequests instead.
2026-01-29T09:36:09.455-05:00  WARN 15576 --- [restartedMain] o.s.s.c.a.web.builders.WebSecurity       : You are asking Spring Security to ignore Ant [pattern='static/**']. This is not recommended -- please use permitAll via HttpSecurity#authorizeHttpRequests instead.
2026-01-29T09:36:21.065-05:00  INFO 15576 --- [restartedMain] o.s.b.d.a.OptionalLiveReloadServer       : LiveReload server is running on port 35729
2026-01-29T09:36:25.193-05:00  INFO 15576 --- [restartedMain] c.v.f.s.DefaultDeploymentConfiguration   : 
Vaadin is running in DEVELOPMENT mode - do not use for production deployments.
2026-01-29T09:36:25.307-05:00  INFO 15576 --- [restartedMain] c.vaadin.flow.spring.SpringInstantiator  : The number of beans implementing 'I18NProvider' is 0. Cannot use Spring beans for I18N, falling back to the default behavior
2026-01-29T09:36:25.633-05:00  INFO 15576 --- [restartedMain] o.s.b.w.embedded.tomcat.TomcatWebServer  : Tomcat started on port 8080 (http) with context path '/'
2026-01-29T09:36:25.667-05:00  INFO 15576 --- [ForkJoinPool.commonPool-worker-1] c.v.b.devserver.AbstractDevServerRunner  : Starting Vite
2026-01-29T09:36:25.668-05:00  INFO 15576 --- [restartedMain] org.proyecto.nvidiacorp.Application      : Started Application in 37.828 seconds (process running for 39.559)
2026-01-29T09:36:25.782-05:00  INFO 15576 --- [restartedMain] o.proyecto.nvidiacorp.base.DataLoader    : =================================================
2026-01-29T09:36:25.782-05:00  INFO 15576 --- [restartedMain] o.proyecto.nvidiacorp.base.DataLoader    : ? INICIANDO CARGA MASIVA DE DATOS ?
2026-01-29T09:36:25.782-05:00  INFO 15576 --- [restartedMain] o.proyecto.nvidiacorp.base.DataLoader    : =================================================
2026-01-29T09:36:26.595-05:00  INFO 15576 --- [restartedMain] o.proyecto.nvidiacorp.base.DataLoader    : ?? Rol ya tiene datos (omitido).
2026-01-29T09:36:26.604-05:00  INFO 15576 --- [restartedMain] o.proyecto.nvidiacorp.base.DataLoader    : ?? Persona ya tiene datos (omitido).
2026-01-29T09:36:26.615-05:00  INFO 15576 --- [restartedMain] o.proyecto.nvidiacorp.base.DataLoader    : ?? Marca ya tiene datos (omitido).
2026-01-29T09:36:26.625-05:00  INFO 15576 --- [restartedMain] o.proyecto.nvidiacorp.base.DataLoader    : ?? Usuario ya tiene datos (omitido).
2026-01-29T09:36:26.632-05:00  INFO 15576 --- [restartedMain] o.proyecto.nvidiacorp.base.DataLoader    : ?? Producto ya tiene datos (omitido).
2026-01-29T09:36:26.696-05:00  WARN 15576 --- [restartedMain] o.m.jdbc.message.server.ErrorPacket      : Error: 1048-23000: Column 'entregado' cannot be null
2026-01-29T09:36:26.698-05:00  WARN 15576 --- [restartedMain] o.h.engine.jdbc.spi.SqlExceptionHelper   : SQL Error: 1048, SQLState: 23000
2026-01-29T09:36:26.698-05:00 ERROR 15576 --- [restartedMain] o.h.engine.jdbc.spi.SqlExceptionHelper   : (conn=8) Column 'entregado' cannot be null
2026-01-29T09:36:26.710-05:00 ERROR 15576 --- [restartedMain] o.proyecto.nvidiacorp.base.DataLoader    : ? ERROR cargando Factura: could not execute statement [(conn=8) Column 'entregado' cannot be null] [insert into factura (entregado,fecha,id_orden_pedido,id_persona,iva,metodo_pago,sub_total,total) values (?,?,?,?,?,?,?,?)]; SQL [insert into factura (entregado,fecha,id_orden_pedido,id_persona,iva,metodo_pago,sub_total,total) values (?,?,?,?,?,?,?,?)]; constraint [null]
2026-01-29T09:36:26.715-05:00  INFO 15576 --- [restartedMain] o.proyecto.nvidiacorp.base.DataLoader    : ?? Pago ya tiene datos (omitido).
2026-01-29T09:36:26.715-05:00  INFO 15576 --- [restartedMain] o.proyecto.nvidiacorp.base.DataLoader    : =================================================
2026-01-29T09:36:26.715-05:00  INFO 15576 --- [restartedMain] o.proyecto.nvidiacorp.base.DataLoader    : ? CARGA MASIVA FINALIZADA ?
2026-01-29T09:36:27.410-05:00  INFO 15576 --- [http-nio-8080-exec-1] o.a.c.c.C.[Tomcat].[localhost].[/]       : Initializing Spring DispatcherServlet 'dispatcherServlet'
2026-01-29T09:36:27.410-05:00  INFO 15576 --- [http-nio-8080-exec-1] o.s.web.servlet.DispatcherServlet        : Initializing Servlet 'dispatcherServlet'
2026-01-29T09:36:27.413-05:00  INFO 15576 --- [http-nio-8080-exec-1] o.s.web.servlet.DispatcherServlet        : Completed initialization in 3 ms
2026-01-29T09:36:30.328-05:00  INFO 15576 --- [ForkJoinPool.commonPool-worker-1] c.v.b.devserver.AbstractDevServerRunner  : Running Vite to compile frontend resources. This may take a moment, please stand by...
2026-01-29T09:37:28.832-05:00  INFO 15576 --- [dev-server-output] c.v.b.devserver.DevServerOutputTracker   : 
2026-01-29T09:37:28.832-05:00  INFO 15576 --- [dev-server-output] c.v.b.devserver.DevServerOutputTracker   :   VITE v6.3.4  ready in 58367 ms
2026-01-29T09:37:28.832-05:00  INFO 15576 --- [dev-server-output] c.v.b.devserver.DevServerOutputTracker   : 
2026-01-29T09:37:28.832-05:00  INFO 15576 --- [ForkJoinPool.commonPool-worker-1] c.v.b.devserver.AbstractDevServerRunner  : Started Vite. Time: 63168ms
2026-01-29T09:37:28.832-05:00  INFO 15576 --- [dev-server-output] c.v.b.devserver.DevServerOutputTracker   :   ?  Local:   http://127.0.0.1:53542/VAADIN/
2026-01-29T09:37:28.856-05:00  INFO 15576 --- [vaadin-dev-server-2] c.v.b.d.DevModeHandlerManagerImpl        : Application running at http://localhost:8080/
2026-01-29T09:37:45.622-05:00  INFO 15576 --- [dev-server-output] c.v.b.devserver.DevServerOutputTracker   : 
2026-01-29T09:37:45.622-05:00  INFO 15576 --- [dev-server-output] c.v.b.devserver.DevServerOutputTracker   :  ERROR(TypeScript)  Property 'user' does not exist on type 'AuthContextType'.
2026-01-29T09:37:45.622-05:00  INFO 15576 --- [dev-server-output] c.v.b.devserver.DevServerOutputTracker   :  FILE  D:/Users/LOQ/Desktop/Proyecto_NvidiaCorp/src/main/frontend/components/Navbar.tsx:12:11
2026-01-29T09:37:45.631-05:00  INFO 15576 --- [dev-server-output] c.v.b.devserver.DevServerOutputTracker   : 
2026-01-29T09:37:45.631-05:00  INFO 15576 --- [dev-server-output] c.v.b.devserver.DevServerOutputTracker   :     10 |   const navigate = useNavigate();
2026-01-29T09:37:45.631-05:00  INFO 15576 --- [dev-server-output] c.v.b.devserver.DevServerOutputTracker   :     11 |   const location = useLocation(); // <-- Obtiene el objeto location
2026-01-29T09:37:45.631-05:00  INFO 15576 --- [dev-server-output] c.v.b.devserver.DevServerOutputTracker   :   > 12 |   const { user } = useAuth();
2026-01-29T09:37:45.633-05:00  INFO 15576 --- [dev-server-output] c.v.b.devserver.DevServerOutputTracker   :        |           ^^^^
2026-01-29T09:37:45.633-05:00  INFO 15576 --- [dev-server-output] c.v.b.devserver.DevServerOutputTracker   :     13 |
2026-01-29T09:37:45.633-05:00  INFO 15576 --- [dev-server-output] c.v.b.devserver.DevServerOutputTracker   :     14 |   console.log("Usuario autenticado:", user); // <-- Agrega esto
2026-01-29T09:37:45.633-05:00  INFO 15576 --- [dev-server-output] c.v.b.devserver.DevServerOutputTracker   :     15 |
2026-01-29T09:37:45.633-05:00  INFO 15576 --- [dev-server-output] c.v.b.devserver.DevServerOutputTracker   : 
2026-01-29T09:37:45.633-05:00  INFO 15576 --- [dev-server-output] c.v.b.devserver.DevServerOutputTracker   :  ERROR(TypeScript)  Type 'Marca | undefined' is not assignable to type 'Marca'.
2026-01-29T09:37:45.633-05:00  INFO 15576 --- [dev-server-output] c.v.b.devserver.DevServerOutputTracker   :   Type 'undefined' is not assignable to type 'Marca'.
2026-01-29T09:37:45.633-05:00  INFO 15576 --- [dev-server-output] c.v.b.devserver.DevServerOutputTracker   :  FILE  D:/Users/LOQ/Desktop/Proyecto_NvidiaCorp/src/main/frontend/views/_producto-admin.tsx:47:68
2026-01-29T09:37:45.633-05:00  INFO 15576 --- [dev-server-output] c.v.b.devserver.DevServerOutputTracker   : 
2026-01-29T09:37:45.635-05:00  INFO 15576 --- [dev-server-output] c.v.b.devserver.DevServerOutputTracker   :     45 |         // Carga de marcas
2026-01-29T09:37:45.635-05:00  INFO 15576 --- [dev-server-output] c.v.b.devserver.DevServerOutputTracker   :     46 |         MarcaService.listAllMarcas().then(result => {
2026-01-29T09:37:45.635-05:00  INFO 15576 --- [dev-server-output] c.v.b.devserver.DevServerOutputTracker   :   > 47 |              setMarcas([{ id: 0, nombre: 'Seleccione una marca' }, ...(result || [])]);
2026-01-29T09:37:45.635-05:00  INFO 15576 --- [dev-server-output] c.v.b.devserver.DevServerOutputTracker   :        |                                                                    ^^^^^^^^^^^^^^^^^
2026-01-29T09:37:45.637-05:00  INFO 15576 --- [dev-server-output] c.v.b.devserver.DevServerOutputTracker   :     48 |         }).catch(console.error);
2026-01-29T09:37:45.639-05:00  INFO 15576 --- [dev-server-output] c.v.b.devserver.DevServerOutputTracker   :     49 |     }, []);
2026-01-29T09:37:45.639-05:00  INFO 15576 --- [dev-server-output] c.v.b.devserver.DevServerOutputTracker   :     50 |
2026-01-29T09:37:45.639-05:00  INFO 15576 --- [dev-server-output] c.v.b.devserver.DevServerOutputTracker   : 
2026-01-29T09:37:45.641-05:00  INFO 15576 --- [dev-server-output] c.v.b.devserver.DevServerOutputTracker   :  ERROR(TypeScript)  Type 'number' is not assignable to type 'string'.
2026-01-29T09:37:45.641-05:00  INFO 15576 --- [dev-server-output] c.v.b.devserver.DevServerOutputTracker   :  FILE  D:/Users/LOQ/Desktop/Proyecto_NvidiaCorp/src/main/frontend/views/_producto-admin.tsx:98:25
2026-01-29T09:37:45.644-05:00  INFO 15576 --- [dev-server-output] c.v.b.devserver.DevServerOutputTracker   : 
2026-01-29T09:37:45.644-05:00  INFO 15576 --- [dev-server-output] c.v.b.devserver.DevServerOutputTracker   :      96 |                         itemLabelPath="nombre"
2026-01-29T09:37:45.644-05:00  INFO 15576 --- [dev-server-output] c.v.b.devserver.DevServerOutputTracker   :      97 |                         itemValuePath="id"
2026-01-29T09:37:45.644-05:00  INFO 15576 --- [dev-server-output] c.v.b.devserver.DevServerOutputTracker   :   >  98 |                         value={marca.value}
2026-01-29T09:37:45.644-05:00  INFO 15576 --- [dev-server-output] c.v.b.devserver.DevServerOutputTracker   :         |                         ^^^^^
2026-01-29T09:37:45.644-05:00  INFO 15576 --- [dev-server-output] c.v.b.devserver.DevServerOutputTracker   :      99 |                         onValueChanged={e => marca.value = e.detail.value}
2026-01-29T09:37:45.644-05:00  INFO 15576 --- [dev-server-output] c.v.b.devserver.DevServerOutputTracker   :     100 |                     />
2026-01-29T09:37:45.649-05:00  INFO 15576 --- [dev-server-output] c.v.b.devserver.DevServerOutputTracker   :     101 |                     
2026-01-29T09:37:45.651-05:00  INFO 15576 --- [dev-server-output] c.v.b.devserver.DevServerOutputTracker   : 
2026-01-29T09:37:45.651-05:00  INFO 15576 --- [dev-server-output] c.v.b.devserver.DevServerOutputTracker   :  ERROR(TypeScript)  Type 'string' is not assignable to type 'number'.
2026-01-29T09:37:45.653-05:00  INFO 15576 --- [dev-server-output] c.v.b.devserver.DevServerOutputTracker   :  FILE  D:/Users/LOQ/Desktop/Proyecto_NvidiaCorp/src/main/frontend/views/_producto-admin.tsx:99:46
2026-01-29T09:37:45.653-05:00  INFO 15576 --- [dev-server-output] c.v.b.devserver.DevServerOutputTracker   : 
2026-01-29T09:37:45.653-05:00  INFO 15576 --- [dev-server-output] c.v.b.devserver.DevServerOutputTracker   :      97 |                         itemValuePath="id"
2026-01-29T09:37:45.657-05:00  INFO 15576 --- [dev-server-output] c.v.b.devserver.DevServerOutputTracker   :      98 |                         value={marca.value}
2026-01-29T09:37:45.660-05:00  INFO 15576 --- [dev-server-output] c.v.b.devserver.DevServerOutputTracker   :   >  99 |                         onValueChanged={e => marca.value = e.detail.value}
2026-01-29T09:37:45.662-05:00  INFO 15576 --- [dev-server-output] c.v.b.devserver.DevServerOutputTracker   :         |                                              ^^^^^^^^^^^
2026-01-29T09:37:45.662-05:00  INFO 15576 --- [dev-server-output] c.v.b.devserver.DevServerOutputTracker   :     100 |                     />
2026-01-29T09:37:45.662-05:00  INFO 15576 --- [dev-server-output] c.v.b.devserver.DevServerOutputTracker   :     101 |                     
2026-01-29T09:37:45.662-05:00  INFO 15576 --- [dev-server-output] c.v.b.devserver.DevServerOutputTracker   :     102 |                     <TextField label="Precio" value={precio.value.toString()} onValueChanged={e => precio.value = parseFloat(e.detail.value) || 0} />
2026-01-29T09:37:45.662-05:00  INFO 15576 --- [dev-server-output] c.v.b.devserver.DevServerOutputTracker   : 
2026-01-29T09:37:45.662-05:00  INFO 15576 --- [dev-server-output] c.v.b.devserver.DevServerOutputTracker   :  ERROR(TypeScript)  Type 'Marca | undefined' is not assignable to type 'Marca'.
2026-01-29T09:37:45.662-05:00  INFO 15576 --- [dev-server-output] c.v.b.devserver.DevServerOutputTracker   :   Type 'undefined' is not assignable to type 'Marca'.
2026-01-29T09:37:45.662-05:00  INFO 15576 --- [dev-server-output] c.v.b.devserver.DevServerOutputTracker   :  FILE  D:/Users/LOQ/Desktop/Proyecto_NvidiaCorp/src/main/frontend/views/_producto-admin.tsx:152:58
2026-01-29T09:37:45.662-05:00  INFO 15576 --- [dev-server-output] c.v.b.devserver.DevServerOutputTracker   : 
2026-01-29T09:37:45.665-05:00  INFO 15576 --- [dev-server-output] c.v.b.devserver.DevServerOutputTracker   :     150 |     useEffect(() => {
2026-01-29T09:37:45.667-05:00  INFO 15576 --- [dev-server-output] c.v.b.devserver.DevServerOutputTracker   :     151 |         MarcaService.listAllMarcas().then(result => {
2026-01-29T09:37:45.667-05:00  INFO 15576 --- [dev-server-output] c.v.b.devserver.DevServerOutputTracker   :   > 152 |              setMarcas([{ id: 0, nombre: 'Seleccione' }, ...(result || [])]);
2026-01-29T09:37:45.669-05:00  INFO 15576 --- [dev-server-output] c.v.b.devserver.DevServerOutputTracker   :         |                                                          ^^^^^^^^^^^^^^^^^
2026-01-29T09:37:45.669-05:00  INFO 15576 --- [dev-server-output] c.v.b.devserver.DevServerOutputTracker   :     153 |         });
2026-01-29T09:37:45.669-05:00  INFO 15576 --- [dev-server-output] c.v.b.devserver.DevServerOutputTracker   :     154 |     }, []);
2026-01-29T09:37:45.669-05:00  INFO 15576 --- [dev-server-output] c.v.b.devserver.DevServerOutputTracker   :     155 |
2026-01-29T09:37:45.669-05:00  INFO 15576 --- [dev-server-output] c.v.b.devserver.DevServerOutputTracker   : 
2026-01-29T09:37:45.669-05:00  INFO 15576 --- [dev-server-output] c.v.b.devserver.DevServerOutputTracker   :  ERROR(TypeScript)  Parameter 'total' implicitly has an 'any' type.
2026-01-29T09:37:45.669-05:00  INFO 15576 --- [dev-server-output] c.v.b.devserver.DevServerOutputTracker   :  FILE  D:/Users/LOQ/Desktop/Proyecto_NvidiaCorp/src/main/frontend/views/carrito-list.tsx:24:28
2026-01-29T09:37:45.669-05:00  INFO 15576 --- [dev-server-output] c.v.b.devserver.DevServerOutputTracker   : 
2026-01-29T09:37:45.669-05:00  INFO 15576 --- [dev-server-output] c.v.b.devserver.DevServerOutputTracker   :     22 |   // Cálculos del carrito
2026-01-29T09:37:45.669-05:00  INFO 15576 --- [dev-server-output] c.v.b.devserver.DevServerOutputTracker   :     23 |   const calcularSubtotal = () => {
2026-01-29T09:37:45.672-05:00  INFO 15576 --- [dev-server-output] c.v.b.devserver.DevServerOutputTracker   :   > 24 |     return carrito.reduce((total, item) => {
2026-01-29T09:37:45.672-05:00  INFO 15576 --- [dev-server-output] c.v.b.devserver.DevServerOutputTracker   :        |                            ^^^^^
2026-01-29T09:37:45.672-05:00  INFO 15576 --- [dev-server-output] c.v.b.devserver.DevServerOutputTracker   :     25 |       const cantidad = cantidades[item.id] || 1;
2026-01-29T09:37:45.672-05:00  INFO 15576 --- [dev-server-output] c.v.b.devserver.DevServerOutputTracker   :     26 |       return total + (item.precio * cantidad);
2026-01-29T09:37:45.672-05:00  INFO 15576 --- [dev-server-output] c.v.b.devserver.DevServerOutputTracker   :     27 |     }, 0);
2026-01-29T09:37:45.674-05:00  INFO 15576 --- [dev-server-output] c.v.b.devserver.DevServerOutputTracker   : 
2026-01-29T09:37:45.674-05:00  INFO 15576 --- [dev-server-output] c.v.b.devserver.DevServerOutputTracker   :  ERROR(TypeScript)  Parameter 'item' implicitly has an 'any' type.
2026-01-29T09:37:45.674-05:00  INFO 15576 --- [dev-server-output] c.v.b.devserver.DevServerOutputTracker   :  FILE  D:/Users/LOQ/Desktop/Proyecto_NvidiaCorp/src/main/frontend/views/carrito-list.tsx:24:35
2026-01-29T09:37:45.674-05:00  INFO 15576 --- [dev-server-output] c.v.b.devserver.DevServerOutputTracker   : 
2026-01-29T09:37:45.676-05:00  INFO 15576 --- [dev-server-output] c.v.b.devserver.DevServerOutputTracker   :     22 |   // Cálculos del carrito
2026-01-29T09:37:45.676-05:00  INFO 15576 --- [dev-server-output] c.v.b.devserver.DevServerOutputTracker   :     23 |   const calcularSubtotal = () => {
2026-01-29T09:37:45.676-05:00  INFO 15576 --- [dev-server-output] c.v.b.devserver.DevServerOutputTracker   :   > 24 |     return carrito.reduce((total, item) => {
2026-01-29T09:37:45.677-05:00  INFO 15576 --- [dev-server-output] c.v.b.devserver.DevServerOutputTracker   :        |                                   ^^^^
2026-01-29T09:37:45.677-05:00  INFO 15576 --- [dev-server-output] c.v.b.devserver.DevServerOutputTracker   :     25 |       const cantidad = cantidades[item.id] || 1;
2026-01-29T09:37:45.677-05:00  INFO 15576 --- [dev-server-output] c.v.b.devserver.DevServerOutputTracker   :     26 |       return total + (item.precio * cantidad);
2026-01-29T09:37:45.677-05:00  INFO 15576 --- [dev-server-output] c.v.b.devserver.DevServerOutputTracker   :     27 |     }, 0);
2026-01-29T09:37:45.677-05:00  INFO 15576 --- [dev-server-output] c.v.b.devserver.DevServerOutputTracker   : 
2026-01-29T09:37:45.679-05:00  INFO 15576 --- [dev-server-output] c.v.b.devserver.DevServerOutputTracker   :  ERROR(TypeScript)  Parameter 'p' implicitly has an 'any' type.
2026-01-29T09:37:45.679-05:00  INFO 15576 --- [dev-server-output] c.v.b.devserver.DevServerOutputTracker   :  FILE  D:/Users/LOQ/Desktop/Proyecto_NvidiaCorp/src/main/frontend/views/carrito-list.tsx:40:33
2026-01-29T09:37:45.681-05:00  INFO 15576 --- [dev-server-output] c.v.b.devserver.DevServerOutputTracker   : 
2026-01-29T09:37:45.681-05:00  INFO 15576 --- [dev-server-output] c.v.b.devserver.DevServerOutputTracker   :     38 |   const handleCantidad = (id: number, valor: number) => {
2026-01-29T09:37:45.681-05:00  INFO 15576 --- [dev-server-output] c.v.b.devserver.DevServerOutputTracker   :     39 |     setCantidades((prev) => {
2026-01-29T09:37:45.681-05:00  INFO 15576 --- [dev-server-output] c.v.b.devserver.DevServerOutputTracker   :   > 40 |       const item = carrito.find(p => p.id === id);
2026-01-29T09:37:45.681-05:00  INFO 15576 --- [dev-server-output] c.v.b.devserver.DevServerOutputTracker   :        |                                 ^
2026-01-29T09:37:45.681-05:00  INFO 15576 --- [dev-server-output] c.v.b.devserver.DevServerOutputTracker   :     41 |       const stock = item?.stock ?? 1;
2026-01-29T09:37:45.681-05:00  INFO 15576 --- [dev-server-output] c.v.b.devserver.DevServerOutputTracker   :     42 |       let nuevaCantidad = Math.max(1, (prev[id] || 1) + valor);
2026-01-29T09:37:45.683-05:00  INFO 15576 --- [dev-server-output] c.v.b.devserver.DevServerOutputTracker   :     43 |       console.log("Stock:", stock, "Cantidad actual:", prev[id], "Nueva cantidad:", nuevaCantidad);
2026-01-29T09:37:45.683-05:00  INFO 15576 --- [dev-server-output] c.v.b.devserver.DevServerOutputTracker   : 
2026-01-29T09:37:45.683-05:00  INFO 15576 --- [dev-server-output] c.v.b.devserver.DevServerOutputTracker   :  ERROR(TypeScript)  Parameter 'carritoActual' implicitly has an 'any' type.
2026-01-29T09:37:45.683-05:00  INFO 15576 --- [dev-server-output] c.v.b.devserver.DevServerOutputTracker   :  FILE  D:/Users/LOQ/Desktop/Proyecto_NvidiaCorp/src/main/frontend/views/carrito-list.tsx:52:19
2026-01-29T09:37:45.683-05:00  INFO 15576 --- [dev-server-output] c.v.b.devserver.DevServerOutputTracker   : 
2026-01-29T09:37:45.683-05:00  INFO 15576 --- [dev-server-output] c.v.b.devserver.DevServerOutputTracker   :     50 |         nuevaCantidad = stock;
2026-01-29T09:37:45.683-05:00  INFO 15576 --- [dev-server-output] c.v.b.devserver.DevServerOutputTracker   :     51 |       }
2026-01-29T09:37:45.686-05:00  INFO 15576 --- [dev-server-output] c.v.b.devserver.DevServerOutputTracker   :   > 52 |       setCarrito((carritoActual) =>
2026-01-29T09:37:45.688-05:00  INFO 15576 --- [dev-server-output] c.v.b.devserver.DevServerOutputTracker   :        |                   ^^^^^^^^^^^^^
2026-01-29T09:37:45.688-05:00  INFO 15576 --- [dev-server-output] c.v.b.devserver.DevServerOutputTracker   :     53 |         carritoActual.map((item) =>
2026-01-29T09:37:45.690-05:00  INFO 15576 --- [dev-server-output] c.v.b.devserver.DevServerOutputTracker   :     54 |           item.id === id ? { ...item, cantidad: nuevaCantidad } : item
2026-01-29T09:37:45.690-05:00  INFO 15576 --- [dev-server-output] c.v.b.devserver.DevServerOutputTracker   :     55 |         )
2026-01-29T09:37:45.690-05:00  INFO 15576 --- [dev-server-output] c.v.b.devserver.DevServerOutputTracker   : 
2026-01-29T09:37:45.690-05:00  INFO 15576 --- [dev-server-output] c.v.b.devserver.DevServerOutputTracker   :  ERROR(TypeScript)  Parameter 'item' implicitly has an 'any' type.
2026-01-29T09:37:45.690-05:00  INFO 15576 --- [dev-server-output] c.v.b.devserver.DevServerOutputTracker   :  FILE  D:/Users/LOQ/Desktop/Proyecto_NvidiaCorp/src/main/frontend/views/carrito-list.tsx:53:28
2026-01-29T09:37:45.690-05:00  INFO 15576 --- [dev-server-output] c.v.b.devserver.DevServerOutputTracker   : 
2026-01-29T09:37:45.692-05:00  INFO 15576 --- [dev-server-output] c.v.b.devserver.DevServerOutputTracker   :     51 |       }
2026-01-29T09:37:45.692-05:00  INFO 15576 --- [dev-server-output] c.v.b.devserver.DevServerOutputTracker   :     52 |       setCarrito((carritoActual) =>
2026-01-29T09:37:45.692-05:00  INFO 15576 --- [dev-server-output] c.v.b.devserver.DevServerOutputTracker   :   > 53 |         carritoActual.map((item) =>
2026-01-29T09:37:45.692-05:00  INFO 15576 --- [dev-server-output] c.v.b.devserver.DevServerOutputTracker   :        |                            ^^^^
2026-01-29T09:37:45.693-05:00  INFO 15576 --- [dev-server-output] c.v.b.devserver.DevServerOutputTracker   :     54 |           item.id === id ? { ...item, cantidad: nuevaCantidad } : item
2026-01-29T09:37:45.693-05:00  INFO 15576 --- [dev-server-output] c.v.b.devserver.DevServerOutputTracker   :     55 |         )
2026-01-29T09:37:45.693-05:00  INFO 15576 --- [dev-server-output] c.v.b.devserver.DevServerOutputTracker   :     56 |       );
2026-01-29T09:37:45.693-05:00  INFO 15576 --- [dev-server-output] c.v.b.devserver.DevServerOutputTracker   : 
2026-01-29T09:37:45.693-05:00  INFO 15576 --- [dev-server-output] c.v.b.devserver.DevServerOutputTracker   :  ERROR(TypeScript)  Not all code paths return a value.
2026-01-29T09:37:45.695-05:00  INFO 15576 --- [dev-server-output] c.v.b.devserver.DevServerOutputTracker   :  FILE  D:/Users/LOQ/Desktop/Proyecto_NvidiaCorp/src/main/frontend/views/carrito-list.tsx:112:13
2026-01-29T09:37:45.695-05:00  INFO 15576 --- [dev-server-output] c.v.b.devserver.DevServerOutputTracker   : 
2026-01-29T09:37:45.695-05:00  INFO 15576 --- [dev-server-output] c.v.b.devserver.DevServerOutputTracker   :     110 |   };
2026-01-29T09:37:45.695-05:00  INFO 15576 --- [dev-server-output] c.v.b.devserver.DevServerOutputTracker   :     111 |
2026-01-29T09:37:45.695-05:00  INFO 15576 --- [dev-server-output] c.v.b.devserver.DevServerOutputTracker   :   > 112 |   useEffect(() => {
2026-01-29T09:37:45.695-05:00  INFO 15576 --- [dev-server-output] c.v.b.devserver.DevServerOutputTracker   :         |             ^^^^^^^
2026-01-29T09:37:45.697-05:00  INFO 15576 --- [dev-server-output] c.v.b.devserver.DevServerOutputTracker   :     113 |     if (checkoutId && showPagoModal) {
2026-01-29T09:37:45.697-05:00  INFO 15576 --- [dev-server-output] c.v.b.devserver.DevServerOutputTracker   :     114 |       const script = document.createElement('script');
2026-01-29T09:37:45.697-05:00  INFO 15576 --- [dev-server-output] c.v.b.devserver.DevServerOutputTracker   :     115 |       script.src = `https://eu-test.oppwa.com/v1/paymentWidgets.js?checkoutId=${checkoutId}`;
2026-01-29T09:37:45.697-05:00  INFO 15576 --- [dev-server-output] c.v.b.devserver.DevServerOutputTracker   : 
2026-01-29T09:37:45.697-05:00  INFO 15576 --- [dev-server-output] c.v.b.devserver.DevServerOutputTracker   :  ERROR(TypeScript)  Parameter 'item' implicitly has an 'any' type.
2026-01-29T09:37:45.697-05:00  INFO 15576 --- [dev-server-output] c.v.b.devserver.DevServerOutputTracker   :  FILE  D:/Users/LOQ/Desktop/Proyecto_NvidiaCorp/src/main/frontend/views/carrito-list.tsx:172:31
2026-01-29T09:37:45.699-05:00  INFO 15576 --- [dev-server-output] c.v.b.devserver.DevServerOutputTracker   : 
2026-01-29T09:37:45.699-05:00  INFO 15576 --- [dev-server-output] c.v.b.devserver.DevServerOutputTracker   :     170 |             <div className="carrito-productos">
2026-01-29T09:37:45.700-05:00  INFO 15576 --- [dev-server-output] c.v.b.devserver.DevServerOutputTracker   :     171 |               <div className="producto-grid">
2026-01-29T09:37:45.705-05:00  INFO 15576 --- [dev-server-output] c.v.b.devserver.DevServerOutputTracker   :   > 172 |                 {carrito.map((item) => (
2026-01-29T09:37:45.707-05:00  INFO 15576 --- [dev-server-output] c.v.b.devserver.DevServerOutputTracker   :         |                               ^^^^
2026-01-29T09:37:45.707-05:00  INFO 15576 --- [dev-server-output] c.v.b.devserver.DevServerOutputTracker   :     173 |                   <div key={item.id} className="producto-card">
2026-01-29T09:37:45.707-05:00  INFO 15576 --- [dev-server-output] c.v.b.devserver.DevServerOutputTracker   :     174 |                     <ProductoCard
2026-01-29T09:37:45.707-05:00  INFO 15576 --- [dev-server-output] c.v.b.devserver.DevServerOutputTracker   :     175 |                       item={item}
2026-01-29T09:37:45.709-05:00  INFO 15576 --- [dev-server-output] c.v.b.devserver.DevServerOutputTracker   : 
2026-01-29T09:37:45.709-05:00  INFO 15576 --- [dev-server-output] c.v.b.devserver.DevServerOutputTracker   :  ERROR(TypeScript)  Parameter 'item' implicitly has an 'any' type.
2026-01-29T09:37:45.714-05:00  INFO 15576 --- [dev-server-output] c.v.b.devserver.DevServerOutputTracker   :  FILE  D:/Users/LOQ/Desktop/Proyecto_NvidiaCorp/src/main/frontend/views/carrito-list.tsx:203:34
2026-01-29T09:37:45.716-05:00  INFO 15576 --- [dev-server-output] c.v.b.devserver.DevServerOutputTracker   : 
2026-01-29T09:37:45.716-05:00  INFO 15576 --- [dev-server-output] c.v.b.devserver.DevServerOutputTracker   :     201 |                   <h3 className="carrito-mini-factura-titulo">Productos</h3>
2026-01-29T09:37:45.716-05:00  INFO 15576 --- [dev-server-output] c.v.b.devserver.DevServerOutputTracker   :     202 |                   <ul className="carrito-mini-factura-lista">
2026-01-29T09:37:45.716-05:00  INFO 15576 --- [dev-server-output] c.v.b.devserver.DevServerOutputTracker   :   > 203 |                     {carrito.map(item => (
2026-01-29T09:37:45.716-05:00  INFO 15576 --- [dev-server-output] c.v.b.devserver.DevServerOutputTracker   :         |                                  ^^^^
2026-01-29T09:37:45.718-05:00  INFO 15576 --- [dev-server-output] c.v.b.devserver.DevServerOutputTracker   :     204 |                       <li key={item.id} className="carrito-mini-factura-item">
2026-01-29T09:37:45.726-05:00  INFO 15576 --- [dev-server-output] c.v.b.devserver.DevServerOutputTracker   :     205 |                         <span className="carrito-mini-factura-nombre">{item.nombre}</span>
2026-01-29T09:37:45.730-05:00  INFO 15576 --- [dev-server-output] c.v.b.devserver.DevServerOutputTracker   :     206 |                         <span className="carrito-mini-factura-cantidad">{cantidades[item.id] || 1}</span>
2026-01-29T09:37:45.730-05:00  INFO 15576 --- [dev-server-output] c.v.b.devserver.DevServerOutputTracker   : 
2026-01-29T09:37:45.731-05:00  INFO 15576 --- [dev-server-output] c.v.b.devserver.DevServerOutputTracker   :  ERROR(TypeScript)  Parameter 'acc' implicitly has an 'any' type.
2026-01-29T09:37:45.731-05:00  INFO 15576 --- [dev-server-output] c.v.b.devserver.DevServerOutputTracker   :  FILE  D:/Users/LOQ/Desktop/Proyecto_NvidiaCorp/src/main/frontend/views/Pago-form.tsx:32:44
2026-01-29T09:37:45.732-05:00  INFO 15576 --- [dev-server-output] c.v.b.devserver.DevServerOutputTracker   : 
2026-01-29T09:37:45.732-05:00  INFO 15576 --- [dev-server-output] c.v.b.devserver.DevServerOutputTracker   :     30 |           localStorage.removeItem('carrito');
2026-01-29T09:37:45.732-05:00  INFO 15576 --- [dev-server-output] c.v.b.devserver.DevServerOutputTracker   :     31 |
2026-01-29T09:37:45.732-05:00  INFO 15576 --- [dev-server-output] c.v.b.devserver.DevServerOutputTracker   :   > 32 |           const subtotal = carrito.reduce((acc, item) => acc + (item.precio * (item.cantidad || 1)), 0);
2026-01-29T09:37:45.732-05:00  INFO 15576 --- [dev-server-output] c.v.b.devserver.DevServerOutputTracker   :        |                                            ^^^
2026-01-29T09:37:45.732-05:00  INFO 15576 --- [dev-server-output] c.v.b.devserver.DevServerOutputTracker   :     33 |           const iva = subtotal * 0.15;
2026-01-29T09:37:45.732-05:00  INFO 15576 --- [dev-server-output] c.v.b.devserver.DevServerOutputTracker   :     34 |           const total = subtotal + iva;
2026-01-29T09:37:45.732-05:00  INFO 15576 --- [dev-server-output] c.v.b.devserver.DevServerOutputTracker   :     35 |           localStorage.setItem('factura_items', JSON.stringify(carrito));
2026-01-29T09:37:45.733-05:00  INFO 15576 --- [dev-server-output] c.v.b.devserver.DevServerOutputTracker   : 
2026-01-29T09:37:45.733-05:00  INFO 15576 --- [dev-server-output] c.v.b.devserver.DevServerOutputTracker   :  ERROR(TypeScript)  Parameter 'item' implicitly has an 'any' type.
2026-01-29T09:37:45.733-05:00  INFO 15576 --- [dev-server-output] c.v.b.devserver.DevServerOutputTracker   :  FILE  D:/Users/LOQ/Desktop/Proyecto_NvidiaCorp/src/main/frontend/views/Pago-form.tsx:32:49
2026-01-29T09:37:45.734-05:00  INFO 15576 --- [dev-server-output] c.v.b.devserver.DevServerOutputTracker   : 
2026-01-29T09:37:45.735-05:00  INFO 15576 --- [dev-server-output] c.v.b.devserver.DevServerOutputTracker   :     30 |           localStorage.removeItem('carrito');
2026-01-29T09:37:45.735-05:00  INFO 15576 --- [dev-server-output] c.v.b.devserver.DevServerOutputTracker   :     31 |
2026-01-29T09:37:45.735-05:00  INFO 15576 --- [dev-server-output] c.v.b.devserver.DevServerOutputTracker   :   > 32 |           const subtotal = carrito.reduce((acc, item) => acc + (item.precio * (item.cantidad || 1)), 0);
2026-01-29T09:37:45.735-05:00  INFO 15576 --- [dev-server-output] c.v.b.devserver.DevServerOutputTracker   :        |                                                 ^^^^
2026-01-29T09:37:45.735-05:00  INFO 15576 --- [dev-server-output] c.v.b.devserver.DevServerOutputTracker   :     33 |           const iva = subtotal * 0.15;
2026-01-29T09:37:45.737-05:00  INFO 15576 --- [dev-server-output] c.v.b.devserver.DevServerOutputTracker   :     34 |           const total = subtotal + iva;
2026-01-29T09:37:45.737-05:00  INFO 15576 --- [dev-server-output] c.v.b.devserver.DevServerOutputTracker   :     35 |           localStorage.setItem('factura_items', JSON.stringify(carrito));
2026-01-29T09:37:45.737-05:00  INFO 15576 --- [dev-server-output] c.v.b.devserver.DevServerOutputTracker   : 
2026-01-29T09:37:45.737-05:00  INFO 15576 --- [dev-server-output] c.v.b.devserver.DevServerOutputTracker   :  ERROR(TypeScript)  Not all code paths return a value.
2026-01-29T09:37:45.737-05:00  INFO 15576 --- [dev-server-output] c.v.b.devserver.DevServerOutputTracker   :  FILE  D:/Users/LOQ/Desktop/Proyecto_NvidiaCorp/src/main/frontend/views/Pago-form.tsx:62:13
2026-01-29T09:37:45.739-05:00  INFO 15576 --- [dev-server-output] c.v.b.devserver.DevServerOutputTracker   : 
2026-01-29T09:37:45.739-05:00  INFO 15576 --- [dev-server-output] c.v.b.devserver.DevServerOutputTracker   :     60 |   };
2026-01-29T09:37:45.739-05:00  INFO 15576 --- [dev-server-output] c.v.b.devserver.DevServerOutputTracker   :     61 |
2026-01-29T09:37:45.739-05:00  INFO 15576 --- [dev-server-output] c.v.b.devserver.DevServerOutputTracker   :   > 62 |   useEffect(() => {
2026-01-29T09:37:45.739-05:00  INFO 15576 --- [dev-server-output] c.v.b.devserver.DevServerOutputTracker   :        |             ^^^^^^^
2026-01-29T09:37:45.739-05:00  INFO 15576 --- [dev-server-output] c.v.b.devserver.DevServerOutputTracker   :     63 |     if (checkoutId) {
2026-01-29T09:37:45.739-05:00  INFO 15576 --- [dev-server-output] c.v.b.devserver.DevServerOutputTracker   :     64 |       const script = document.createElement('script');
2026-01-29T09:37:45.739-05:00  INFO 15576 --- [dev-server-output] c.v.b.devserver.DevServerOutputTracker   :     65 |       script.src = `https://eu-test.oppwa.com/v1/paymentWidgets.js?checkoutId=${checkoutId}`;
2026-01-29T09:37:45.741-05:00  INFO 15576 --- [dev-server-output] c.v.b.devserver.DevServerOutputTracker   : 
2026-01-29T09:37:45.742-05:00  INFO 15576 --- [dev-server-output] c.v.b.devserver.DevServerOutputTracker   :  ERROR(TypeScript)  Type 'Element' is not assignable to type 'string'.
2026-01-29T09:37:45.745-05:00  INFO 15576 --- [dev-server-output] c.v.b.devserver.DevServerOutputTracker   :  FILE  D:/Users/LOQ/Desktop/Proyecto_NvidiaCorp/src/main/frontend/views/Pago_list.tsx:86:20
2026-01-29T09:37:45.745-05:00  INFO 15576 --- [dev-server-output] c.v.b.devserver.DevServerOutputTracker   : 
2026-01-29T09:37:45.747-05:00  INFO 15576 --- [dev-server-output] c.v.b.devserver.DevServerOutputTracker   :     84 |   return (
2026-01-29T09:37:45.747-05:00  INFO 15576 --- [dev-server-output] c.v.b.devserver.DevServerOutputTracker   :     85 |     <main className="pago-main">
2026-01-29T09:37:45.747-05:00  INFO 15576 --- [dev-server-output] c.v.b.devserver.DevServerOutputTracker   :   > 86 |       <ViewToolbar title={<span className="pago-title">Lista de Pagos</span>}>
2026-01-29T09:37:45.749-05:00  INFO 15576 --- [dev-server-output] c.v.b.devserver.DevServerOutputTracker   :        |                    ^^^^^
2026-01-29T09:37:45.749-05:00  INFO 15576 --- [dev-server-output] c.v.b.devserver.DevServerOutputTracker   :     87 |         <Group>
2026-01-29T09:37:45.749-05:00  INFO 15576 --- [dev-server-output] c.v.b.devserver.DevServerOutputTracker   :     88 |           {/* Aquí puedes agregar filtros o botones si lo necesitas */}
2026-01-29T09:37:45.749-05:00  INFO 15576 --- [dev-server-output] c.v.b.devserver.DevServerOutputTracker   :     89 |         </Group>
2026-01-29T09:37:45.751-05:00  INFO 15576 --- [dev-server-output] c.v.b.devserver.DevServerOutputTracker   : 
2026-01-29T09:37:45.751-05:00  INFO 15576 --- [dev-server-output] c.v.b.devserver.DevServerOutputTracker   :  ERROR(TypeScript)  Type 'Promise<(Persona | undefined)[] | undefined>' is not assignable to type 'Promise<Persona[]>'.
2026-01-29T09:37:45.751-05:00  INFO 15576 --- [dev-server-output] c.v.b.devserver.DevServerOutputTracker   :   Type '(Persona | undefined)[] | undefined' is not assignable to type 'Persona[]'.
2026-01-29T09:37:45.751-05:00  INFO 15576 --- [dev-server-output] c.v.b.devserver.DevServerOutputTracker   :     Type 'undefined' is not assignable to type 'Persona[]'.
2026-01-29T09:37:45.751-05:00  INFO 15576 --- [dev-server-output] c.v.b.devserver.DevServerOutputTracker   :  FILE  D:/Users/LOQ/Desktop/Proyecto_NvidiaCorp/src/main/frontend/views/persona-list.tsx:172:27
2026-01-29T09:37:45.751-05:00  INFO 15576 --- [dev-server-output] c.v.b.devserver.DevServerOutputTracker   : 
2026-01-29T09:37:45.751-05:00  INFO 15576 --- [dev-server-output] c.v.b.devserver.DevServerOutputTracker   :     170 | export default function PersonaListView() {
2026-01-29T09:37:45.751-05:00  INFO 15576 --- [dev-server-output] c.v.b.devserver.DevServerOutputTracker   :     171 |     const dataProvider = useDataProvider<Persona>({
2026-01-29T09:37:45.751-05:00  INFO 15576 --- [dev-server-output] c.v.b.devserver.DevServerOutputTracker   :   > 172 |         list: (params) => PersonaServices.listAllPersona(),
2026-01-29T09:37:45.751-05:00  INFO 15576 --- [dev-server-output] c.v.b.devserver.DevServerOutputTracker   :         |                           ^^^^^^^^^^^^^^^^^^^^^^^^^^^^^^^^
2026-01-29T09:37:45.751-05:00  INFO 15576 --- [dev-server-output] c.v.b.devserver.DevServerOutputTracker   :     173 |     });
2026-01-29T09:37:45.751-05:00  INFO 15576 --- [dev-server-output] c.v.b.devserver.DevServerOutputTracker   :     174 |
2026-01-29T09:37:45.751-05:00  INFO 15576 --- [dev-server-output] c.v.b.devserver.DevServerOutputTracker   :     175 |     return (
2026-01-29T09:37:45.751-05:00  INFO 15576 --- [dev-server-output] c.v.b.devserver.DevServerOutputTracker   : 
2026-01-29T09:37:45.751-05:00  INFO 15576 --- [dev-server-output] c.v.b.devserver.DevServerOutputTracker   :  ERROR(TypeScript)  Not all code paths return a value.
2026-01-29T09:37:45.751-05:00  INFO 15576 --- [dev-server-output] c.v.b.devserver.DevServerOutputTracker   :  FILE  D:/Users/LOQ/Desktop/Proyecto_NvidiaCorp/src/main/frontend/views/producto-list.tsx:28:15
2026-01-29T09:37:45.757-05:00  INFO 15576 --- [dev-server-output] c.v.b.devserver.DevServerOutputTracker   : 
2026-01-29T09:37:45.757-05:00  INFO 15576 --- [dev-server-output] c.v.b.devserver.DevServerOutputTracker   :     26 |     const navigate = useNavigate();
2026-01-29T09:37:45.757-05:00  INFO 15576 --- [dev-server-output] c.v.b.devserver.DevServerOutputTracker   :     27 |
2026-01-29T09:37:45.757-05:00  INFO 15576 --- [dev-server-output] c.v.b.devserver.DevServerOutputTracker   :   > 28 |     useEffect(() => {
2026-01-29T09:37:45.757-05:00  INFO 15576 --- [dev-server-output] c.v.b.devserver.DevServerOutputTracker   :        |               ^^^^^^^
2026-01-29T09:37:45.757-05:00  INFO 15576 --- [dev-server-output] c.v.b.devserver.DevServerOutputTracker   :     29 |         if (isVisible && producto) {
2026-01-29T09:37:45.757-05:00  INFO 15576 --- [dev-server-output] c.v.b.devserver.DevServerOutputTracker   :     30 |             const timer = setTimeout(() => {
2026-01-29T09:37:45.757-05:00  INFO 15576 --- [dev-server-output] c.v.b.devserver.DevServerOutputTracker   :     31 |                 onClose();
2026-01-29T09:37:45.757-05:00  INFO 15576 --- [dev-server-output] c.v.b.devserver.DevServerOutputTracker   : 
2026-01-29T09:37:45.757-05:00  INFO 15576 --- [dev-server-output] c.v.b.devserver.DevServerOutputTracker   :  ERROR(TypeScript)  'respuesta' is possibly 'undefined'.
2026-01-29T09:37:45.757-05:00  INFO 15576 --- [dev-server-output] c.v.b.devserver.DevServerOutputTracker   :  FILE  D:/Users/LOQ/Desktop/Proyecto_NvidiaCorp/src/main/frontend/views/producto-list.tsx:218:17
2026-01-29T09:37:45.757-05:00  INFO 15576 --- [dev-server-output] c.v.b.devserver.DevServerOutputTracker   : 
2026-01-29T09:37:45.757-05:00  INFO 15576 --- [dev-server-output] c.v.b.devserver.DevServerOutputTracker   :     216 |
2026-01-29T09:37:45.757-05:00  INFO 15576 --- [dev-server-output] c.v.b.devserver.DevServerOutputTracker   :     217 |             // --- Lógica de Añadir al Carrito ---
2026-01-29T09:37:45.757-05:00  INFO 15576 --- [dev-server-output] c.v.b.devserver.DevServerOutputTracker   :   > 218 |             if (respuesta.includes("[ADD_TO_CART:")) {
2026-01-29T09:37:45.762-05:00  INFO 15576 --- [dev-server-output] c.v.b.devserver.DevServerOutputTracker   :         |                 ^^^^^^^^^
2026-01-29T09:37:45.762-05:00  INFO 15576 --- [dev-server-output] c.v.b.devserver.DevServerOutputTracker   :     219 |                 const match = respuesta.match(/\[ADD_TO_CART:(\d+)\]/);
2026-01-29T09:37:45.764-05:00  INFO 15576 --- [dev-server-output] c.v.b.devserver.DevServerOutputTracker   :     220 |                 if (match) {
2026-01-29T09:37:45.766-05:00  INFO 15576 --- [dev-server-output] c.v.b.devserver.DevServerOutputTracker   :     221 |                     const id = parseInt(match[1]);
2026-01-29T09:37:45.766-05:00  INFO 15576 --- [dev-server-output] c.v.b.devserver.DevServerOutputTracker   : 
2026-01-29T09:37:45.766-05:00  INFO 15576 --- [dev-server-output] c.v.b.devserver.DevServerOutputTracker   :  ERROR(TypeScript)  'respuesta' is possibly 'undefined'.
2026-01-29T09:37:45.766-05:00  INFO 15576 --- [dev-server-output] c.v.b.devserver.DevServerOutputTracker   :  FILE  D:/Users/LOQ/Desktop/Proyecto_NvidiaCorp/src/main/frontend/views/producto-list.tsx:219:31
2026-01-29T09:37:45.766-05:00  INFO 15576 --- [dev-server-output] c.v.b.devserver.DevServerOutputTracker   : 
2026-01-29T09:37:45.766-05:00  INFO 15576 --- [dev-server-output] c.v.b.devserver.DevServerOutputTracker   :     217 |             // --- Lógica de Añadir al Carrito ---
2026-01-29T09:37:45.766-05:00  INFO 15576 --- [dev-server-output] c.v.b.devserver.DevServerOutputTracker   :     218 |             if (respuesta.includes("[ADD_TO_CART:")) {
2026-01-29T09:37:45.766-05:00  INFO 15576 --- [dev-server-output] c.v.b.devserver.DevServerOutputTracker   :   > 219 |                 const match = respuesta.match(/\[ADD_TO_CART:(\d+)\]/);
2026-01-29T09:37:45.770-05:00  INFO 15576 --- [dev-server-output] c.v.b.devserver.DevServerOutputTracker   :         |                               ^^^^^^^^^
2026-01-29T09:37:45.770-05:00  INFO 15576 --- [dev-server-output] c.v.b.devserver.DevServerOutputTracker   :     220 |                 if (match) {
2026-01-29T09:37:45.770-05:00  INFO 15576 --- [dev-server-output] c.v.b.devserver.DevServerOutputTracker   :     221 |                     const id = parseInt(match[1]);
2026-01-29T09:37:45.770-05:00  INFO 15576 --- [dev-server-output] c.v.b.devserver.DevServerOutputTracker   :     222 |                     const prod = productos.find(p => p.id === id);
2026-01-29T09:37:45.770-05:00  INFO 15576 --- [dev-server-output] c.v.b.devserver.DevServerOutputTracker   : 
2026-01-29T09:37:45.770-05:00  INFO 15576 --- [dev-server-output] c.v.b.devserver.DevServerOutputTracker   :  ERROR(TypeScript)  'respuesta' is possibly 'undefined'.
2026-01-29T09:37:45.770-05:00  INFO 15576 --- [dev-server-output] c.v.b.devserver.DevServerOutputTracker   :  FILE  D:/Users/LOQ/Desktop/Proyecto_NvidiaCorp/src/main/frontend/views/producto-list.tsx:231:33
2026-01-29T09:37:45.770-05:00  INFO 15576 --- [dev-server-output] c.v.b.devserver.DevServerOutputTracker   : 
2026-01-29T09:37:45.770-05:00  INFO 15576 --- [dev-server-output] c.v.b.devserver.DevServerOutputTracker   :     229 |
2026-01-29T09:37:45.770-05:00  INFO 15576 --- [dev-server-output] c.v.b.devserver.DevServerOutputTracker   :     230 |             // Limpiamos el código del texto antes de mostrarlo
2026-01-29T09:37:45.770-05:00  INFO 15576 --- [dev-server-output] c.v.b.devserver.DevServerOutputTracker   :   > 231 |             const textoLimpio = respuesta.replace(/\[ADD_TO_CART:.*?\]/g, "").trim();
2026-01-29T09:37:45.770-05:00  INFO 15576 --- [dev-server-output] c.v.b.devserver.DevServerOutputTracker   :         |                                 ^^^^^^^^^
2026-01-29T09:37:45.770-05:00  INFO 15576 --- [dev-server-output] c.v.b.devserver.DevServerOutputTracker   :     232 |             setHistorial(prev => [...prev, { rol: 'ia', texto: textoLimpio }]);
2026-01-29T09:37:45.770-05:00  INFO 15576 --- [dev-server-output] c.v.b.devserver.DevServerOutputTracker   :     233 |         } catch (error) {
2026-01-29T09:37:45.770-05:00  INFO 15576 --- [dev-server-output] c.v.b.devserver.DevServerOutputTracker   :     234 |             console.error(error);
2026-01-29T09:37:45.770-05:00  INFO 15576 --- [dev-server-output] c.v.b.devserver.DevServerOutputTracker   : 
2026-01-29T09:37:45.770-05:00  INFO 15576 --- [dev-server-output] c.v.b.devserver.DevServerOutputTracker   :  ERROR(TypeScript)  Argument of type '(ProductoDTO | undefined)[] | undefined' is not assignable to parameter of type 'SetStateAction<Producto[]>'.
2026-01-29T09:37:45.770-05:00  INFO 15576 --- [dev-server-output] c.v.b.devserver.DevServerOutputTracker   :   Type 'undefined' is not assignable to type 'SetStateAction<Producto[]>'.
2026-01-29T09:37:45.770-05:00  INFO 15576 --- [dev-server-output] c.v.b.devserver.DevServerOutputTracker   :  FILE  D:/Users/LOQ/Desktop/Proyecto_NvidiaCorp/src/main/frontend/views/producto-list.tsx:250:22
2026-01-29T09:37:45.777-05:00  INFO 15576 --- [dev-server-output] c.v.b.devserver.DevServerOutputTracker   : 
2026-01-29T09:37:45.777-05:00  INFO 15576 --- [dev-server-output] c.v.b.devserver.DevServerOutputTracker   :     248 |     const cargarProductos = async () => {
2026-01-29T09:37:45.779-05:00  INFO 15576 --- [dev-server-output] c.v.b.devserver.DevServerOutputTracker   :     249 |         const data = await ProductoService.listAllProductos();
2026-01-29T09:37:45.779-05:00  INFO 15576 --- [dev-server-output] c.v.b.devserver.DevServerOutputTracker   :   > 250 |         setProductos(data);
2026-01-29T09:37:45.779-05:00  INFO 15576 --- [dev-server-output] c.v.b.devserver.DevServerOutputTracker   :         |                      ^^^^
2026-01-29T09:37:45.779-05:00  INFO 15576 --- [dev-server-output] c.v.b.devserver.DevServerOutputTracker   :     251 |         setProductosFiltrados(data);
2026-01-29T09:37:45.779-05:00  INFO 15576 --- [dev-server-output] c.v.b.devserver.DevServerOutputTracker   :     252 |         console.log("Productos recibidos:", data);
2026-01-29T09:37:45.779-05:00  INFO 15576 --- [dev-server-output] c.v.b.devserver.DevServerOutputTracker   :     253 |     };
2026-01-29T09:37:45.779-05:00  INFO 15576 --- [dev-server-output] c.v.b.devserver.DevServerOutputTracker   : 
2026-01-29T09:37:45.779-05:00  INFO 15576 --- [dev-server-output] c.v.b.devserver.DevServerOutputTracker   :  ERROR(TypeScript)  Argument of type '(ProductoDTO | undefined)[] | undefined' is not assignable to parameter of type 'SetStateAction<Producto[]>'.
2026-01-29T09:37:45.779-05:00  INFO 15576 --- [dev-server-output] c.v.b.devserver.DevServerOutputTracker   :   Type 'undefined' is not assignable to type 'SetStateAction<Producto[]>'.
2026-01-29T09:37:45.781-05:00  INFO 15576 --- [dev-server-output] c.v.b.devserver.DevServerOutputTracker   :  FILE  D:/Users/LOQ/Desktop/Proyecto_NvidiaCorp/src/main/frontend/views/producto-list.tsx:251:31
2026-01-29T09:37:45.781-05:00  INFO 15576 --- [dev-server-output] c.v.b.devserver.DevServerOutputTracker   : 
2026-01-29T09:37:45.781-05:00  INFO 15576 --- [dev-server-output] c.v.b.devserver.DevServerOutputTracker   :     249 |         const data = await ProductoService.listAllProductos();
2026-01-29T09:37:45.781-05:00  INFO 15576 --- [dev-server-output] c.v.b.devserver.DevServerOutputTracker   :     250 |         setProductos(data);
2026-01-29T09:37:45.782-05:00  INFO 15576 --- [dev-server-output] c.v.b.devserver.DevServerOutputTracker   :   > 251 |         setProductosFiltrados(data);
2026-01-29T09:37:45.782-05:00  INFO 15576 --- [dev-server-output] c.v.b.devserver.DevServerOutputTracker   :         |                               ^^^^
2026-01-29T09:37:45.782-05:00  INFO 15576 --- [dev-server-output] c.v.b.devserver.DevServerOutputTracker   :     252 |         console.log("Productos recibidos:", data);
2026-01-29T09:37:45.783-05:00  INFO 15576 --- [dev-server-output] c.v.b.devserver.DevServerOutputTracker   :     253 |     };
2026-01-29T09:37:45.783-05:00  INFO 15576 --- [dev-server-output] c.v.b.devserver.DevServerOutputTracker   :     254 |
2026-01-29T09:37:45.783-05:00  INFO 15576 --- [dev-server-output] c.v.b.devserver.DevServerOutputTracker   : 
2026-01-29T09:37:45.784-05:00  INFO 15576 --- [dev-server-output] c.v.b.devserver.DevServerOutputTracker   :  ERROR(TypeScript)  Property 'busqueda' does not exist on type 'typeof import("D:/Users/LOQ/Desktop/Proyecto_NvidiaCorp/src/main/frontend/generated/ProductoService")'.
2026-01-29T09:37:45.784-05:00  INFO 15576 --- [dev-server-output] c.v.b.devserver.DevServerOutputTracker   :  FILE  D:/Users/LOQ/Desktop/Proyecto_NvidiaCorp/src/main/frontend/views/producto-list.tsx:350:29
2026-01-29T09:37:45.784-05:00  INFO 15576 --- [dev-server-output] c.v.b.devserver.DevServerOutputTracker   : 
2026-01-29T09:37:45.784-05:00  INFO 15576 --- [dev-server-output] c.v.b.devserver.DevServerOutputTracker   :     348 |                 return;
2026-01-29T09:37:45.784-05:00  INFO 15576 --- [dev-server-output] c.v.b.devserver.DevServerOutputTracker   :     349 |             }
2026-01-29T09:37:45.784-05:00  INFO 15576 --- [dev-server-output] c.v.b.devserver.DevServerOutputTracker   :   > 350 |             ProductoService.busqueda(criterio.value, text.value).then(function (data) {
2026-01-29T09:37:45.786-05:00  INFO 15576 --- [dev-server-output] c.v.b.devserver.DevServerOutputTracker   :         |                             ^^^^^^^^
2026-01-29T09:37:45.786-05:00  INFO 15576 --- [dev-server-output] c.v.b.devserver.DevServerOutputTracker   :     351 |                 setProductos(data);
2026-01-29T09:37:45.786-05:00  INFO 15576 --- [dev-server-output] c.v.b.devserver.DevServerOutputTracker   :     352 |                 console.log("Resultados de busqueda:", data);
2026-01-29T09:37:45.788-05:00  INFO 15576 --- [dev-server-output] c.v.b.devserver.DevServerOutputTracker   :     353 |                 Notification.show(`Se encontraron ${data.length} resultado(s)`, {
2026-01-29T09:37:45.788-05:00  INFO 15576 --- [dev-server-output] c.v.b.devserver.DevServerOutputTracker   : 
2026-01-29T09:37:45.788-05:00  INFO 15576 --- [dev-server-output] c.v.b.devserver.DevServerOutputTracker   :  ERROR(TypeScript)  Parameter 'data' implicitly has an 'any' type.
2026-01-29T09:37:45.788-05:00  INFO 15576 --- [dev-server-output] c.v.b.devserver.DevServerOutputTracker   :  FILE  D:/Users/LOQ/Desktop/Proyecto_NvidiaCorp/src/main/frontend/views/producto-list.tsx:350:81
2026-01-29T09:37:45.788-05:00  INFO 15576 --- [dev-server-output] c.v.b.devserver.DevServerOutputTracker   : 
2026-01-29T09:37:45.788-05:00  INFO 15576 --- [dev-server-output] c.v.b.devserver.DevServerOutputTracker   :     348 |                 return;
2026-01-29T09:37:45.788-05:00  INFO 15576 --- [dev-server-output] c.v.b.devserver.DevServerOutputTracker   :     349 |             }
2026-01-29T09:37:45.788-05:00  INFO 15576 --- [dev-server-output] c.v.b.devserver.DevServerOutputTracker   :   > 350 |             ProductoService.busqueda(criterio.value, text.value).then(function (data) {
2026-01-29T09:37:45.788-05:00  INFO 15576 --- [dev-server-output] c.v.b.devserver.DevServerOutputTracker   :         |                                                                                 ^^^^
2026-01-29T09:37:45.788-05:00  INFO 15576 --- [dev-server-output] c.v.b.devserver.DevServerOutputTracker   :     351 |                 setProductos(data);
2026-01-29T09:37:45.788-05:00  INFO 15576 --- [dev-server-output] c.v.b.devserver.DevServerOutputTracker   :     352 |                 console.log("Resultados de busqueda:", data);
2026-01-29T09:37:45.788-05:00  INFO 15576 --- [dev-server-output] c.v.b.devserver.DevServerOutputTracker   :     353 |                 Notification.show(`Se encontraron ${data.length} resultado(s)`, {
2026-01-29T09:37:45.788-05:00  INFO 15576 --- [dev-server-output] c.v.b.devserver.DevServerOutputTracker   : 
2026-01-29T09:37:45.788-05:00  INFO 15576 --- [dev-server-output] c.v.b.devserver.DevServerOutputTracker   :  ERROR(TypeScript)  Type 'Element' is not assignable to type 'string'.
2026-01-29T09:37:45.788-05:00  INFO 15576 --- [dev-server-output] c.v.b.devserver.DevServerOutputTracker   :  FILE  D:/Users/LOQ/Desktop/Proyecto_NvidiaCorp/src/main/frontend/views/producto-list.tsx:599:21
2026-01-29T09:37:45.788-05:00  INFO 15576 --- [dev-server-output] c.v.b.devserver.DevServerOutputTracker   : 
2026-01-29T09:37:45.788-05:00  INFO 15576 --- [dev-server-output] c.v.b.devserver.DevServerOutputTracker   :     597 |             <div className="contenido-principal">
2026-01-29T09:37:45.788-05:00  INFO 15576 --- [dev-server-output] c.v.b.devserver.DevServerOutputTracker   :     598 |                 <ViewToolbar
2026-01-29T09:37:45.788-05:00  INFO 15576 --- [dev-server-output] c.v.b.devserver.DevServerOutputTracker   :   > 599 |                     title={
2026-01-29T09:37:45.788-05:00  INFO 15576 --- [dev-server-output] c.v.b.devserver.DevServerOutputTracker   :         |                     ^^^^^
2026-01-29T09:37:45.788-05:00  INFO 15576 --- [dev-server-output] c.v.b.devserver.DevServerOutputTracker   :     600 |                         <span className="producto-toolbar-titulo">
2026-01-29T09:37:45.788-05:00  INFO 15576 --- [dev-server-output] c.v.b.devserver.DevServerOutputTracker   :     601 |                             Productos ({productosFiltrados.length})
2026-01-29T09:37:45.788-05:00  INFO 15576 --- [dev-server-output] c.v.b.devserver.DevServerOutputTracker   :     602 |                         </span>
2026-01-29T09:37:45.788-05:00  INFO 15576 --- [dev-server-output] c.v.b.devserver.DevServerOutputTracker   : 
2026-01-29T09:37:45.788-05:00  INFO 15576 --- [dev-server-output] c.v.b.devserver.DevServerOutputTracker   :  ERROR(TypeScript)  Type '(event: KeyboardEvent) => void' is not assignable to type 'KeyboardEventHandler<TextField>'.
2026-01-29T09:37:45.788-05:00  INFO 15576 --- [dev-server-output] c.v.b.devserver.DevServerOutputTracker   :   Types of parameters 'event' and 'event' are incompatible.
2026-01-29T09:37:45.788-05:00  INFO 15576 --- [dev-server-output] c.v.b.devserver.DevServerOutputTracker   :     Type 'KeyboardEvent<TextField>' is missing the following properties from type 'KeyboardEvent': isComposing, initKeyboardEvent, DOM_KEY_LOCATION_STANDARD, DOM_KEY_LOCATION_LEFT, and 14 more.
2026-01-29T09:37:45.795-05:00  INFO 15576 --- [dev-server-output] c.v.b.devserver.DevServerOutputTracker   :  FILE  D:/Users/LOQ/Desktop/Proyecto_NvidiaCorp/src/main/frontend/views/producto-list.tsx:629:25
2026-01-29T09:37:45.795-05:00  INFO 15576 --- [dev-server-output] c.v.b.devserver.DevServerOutputTracker   : 
2026-01-29T09:37:45.795-05:00  INFO 15576 --- [dev-server-output] c.v.b.devserver.DevServerOutputTracker   :     627 |                         value={text.value}
2026-01-29T09:37:45.795-05:00  INFO 15576 --- [dev-server-output] c.v.b.devserver.DevServerOutputTracker   :     628 |                         onValueChanged={(evt) => (text.value = evt.detail.value)}
2026-01-29T09:37:45.795-05:00  INFO 15576 --- [dev-server-output] c.v.b.devserver.DevServerOutputTracker   :   > 629 |                         onKeyDown={handleKeyPress}
2026-01-29T09:37:45.795-05:00  INFO 15576 --- [dev-server-output] c.v.b.devserver.DevServerOutputTracker   :         |                         ^^^^^^^^^
2026-01-29T09:37:45.798-05:00  INFO 15576 --- [dev-server-output] c.v.b.devserver.DevServerOutputTracker   :     630 |                         clearButtonVisible
2026-01-29T09:37:45.798-05:00  INFO 15576 --- [dev-server-output] c.v.b.devserver.DevServerOutputTracker   :     631 |                     >
2026-01-29T09:37:45.798-05:00  INFO 15576 --- [dev-server-output] c.v.b.devserver.DevServerOutputTracker   :     632 |                         <Icon slot="prefix" icon="vaadin:search" style={{ color: '#76b900', fontSize: '1.2rem' }} />
2026-01-29T09:37:45.800-05:00  INFO 15576 --- [dev-server-output] c.v.b.devserver.DevServerOutputTracker   : 
2026-01-29T09:37:45.804-05:00  INFO 15576 --- [dev-server-output] c.v.b.devserver.DevServerOutputTracker   :  ERROR(TypeScript)  Type '{ onProductoCreated: () => Promise<void>; className: string; }' is not assignable to type 'IntrinsicAttributes & ProductoEntryFormProps'.
2026-01-29T09:37:45.804-05:00  INFO 15576 --- [dev-server-output] c.v.b.devserver.DevServerOutputTracker   :   Property 'className' does not exist on type 'IntrinsicAttributes & ProductoEntryFormProps'.
2026-01-29T09:37:45.804-05:00  INFO 15576 --- [dev-server-output] c.v.b.devserver.DevServerOutputTracker   :  FILE  D:/Users/LOQ/Desktop/Proyecto_NvidiaCorp/src/main/frontend/views/producto-list.tsx:658:25
2026-01-29T09:37:45.804-05:00  INFO 15576 --- [dev-server-output] c.v.b.devserver.DevServerOutputTracker   : 
2026-01-29T09:37:45.804-05:00  INFO 15576 --- [dev-server-output] c.v.b.devserver.DevServerOutputTracker   :     656 |                     <ProductoEntryForm
2026-01-29T09:37:45.806-05:00  INFO 15576 --- [dev-server-output] c.v.b.devserver.DevServerOutputTracker   :     657 |                         onProductoCreated={cargarProductos}
2026-01-29T09:37:45.806-05:00  INFO 15576 --- [dev-server-output] c.v.b.devserver.DevServerOutputTracker   :   > 658 |                         className="producto-btn-registrar"
2026-01-29T09:37:45.808-05:00  INFO 15576 --- [dev-server-output] c.v.b.devserver.DevServerOutputTracker   :         |                         ^^^^^^^^^
2026-01-29T09:37:45.808-05:00  INFO 15576 --- [dev-server-output] c.v.b.devserver.DevServerOutputTracker   :     659 |                     />
2026-01-29T09:37:45.808-05:00  INFO 15576 --- [dev-server-output] c.v.b.devserver.DevServerOutputTracker   :     660 |                 </div>
2026-01-29T09:37:45.808-05:00  INFO 15576 --- [dev-server-output] c.v.b.devserver.DevServerOutputTracker   :     661 |
2026-01-29T09:37:45.808-05:00  INFO 15576 --- [dev-server-output] c.v.b.devserver.DevServerOutputTracker   : 
2026-01-29T09:37:45.808-05:00  INFO 15576 --- [dev-server-output] c.v.b.devserver.DevServerOutputTracker   : [TypeScript] Found 29 errors. Watching for file changes.
